<?xml version="1.0" encoding="UTF-8"?>
<testsuites name="Mocha Tests" time="965.9400" tests="2951" failures="0" skipped="47">
  <testsuite name="Root Suite" timestamp="2021-02-09T06:54:59" tests="0" time="0.0000" failures="0">
  </testsuite>
  <testsuite name="AddressSpace : Conditions 1" timestamp="2021-02-09T06:54:59" tests="0" file="C:\sterfive\NodeOPCUA\node-opcua\packages\node-opcua-address-space\test\alarms_and_conditions\test_alarms_and_conditions.ts" time="0.0000" failures="0">
  </testsuite>
  <testsuite name="AddressSpace : Conditions 2" timestamp="2021-02-09T06:55:00" tests="1" file="C:\sterfive\NodeOPCUA\node-opcua\packages\node-opcua-address-space\test\alarms_and_conditions\test_alarms_and_conditions.ts" time="0.0030" failures="0">
    <testcase name="AddressSpace : Conditions 1 AddressSpace : Conditions 2 should fail to instantiate a ConditionType (because it&apos;s abstract)" time="0.0030" classname="should fail to instantiate a ConditionType (because it&apos;s abstract)">
    </testcase>
  </testsuite>
  <testsuite name="With a custom condition type" timestamp="2021-02-09T06:55:00" tests="13" file="C:\sterfive\NodeOPCUA\node-opcua\packages\node-opcua-address-space\test\alarms_and_conditions\test_alarms_and_conditions.ts" time="0.1920" failures="0">
    <testcase name="AddressSpace : Conditions 1 AddressSpace : Conditions 2 With a custom condition type should instantiate a custom ConditionType" time="0.0300" classname="should instantiate a custom ConditionType">
    </testcase>
    <testcase name="AddressSpace : Conditions 1 AddressSpace : Conditions 2 With a custom condition type should be possible to enable and disable a condition using the enable &amp; disable methods ( as a client would do)" time="0.0150" classname="should be possible to enable and disable a condition using the enable &amp; disable methods ( as a client would do)">
    </testcase>
    <testcase name="AddressSpace : Conditions 1 AddressSpace : Conditions 2 With a custom condition type should provide BadConditionNotEnabled when client try to interrogate a condition variable, when the condition is disabled" time="0.0240" classname="should provide BadConditionNotEnabled when client try to interrogate a condition variable, when the condition is disabled">
    </testcase>
    <testcase name="AddressSpace : Conditions 1 AddressSpace : Conditions 2 With a custom condition type should be possible to activate the EnabledState.TransitionTime optional property" time="0.0160" classname="should be possible to activate the EnabledState.TransitionTime optional property">
    </testcase>
    <testcase name="AddressSpace : Conditions 1 AddressSpace : Conditions 2 With a custom condition type should be possible to activate the EnabledState.EffectiveTransitionTime optional property" time="0.0130" classname="should be possible to activate the EnabledState.EffectiveTransitionTime optional property">
    </testcase>
    <testcase name="AddressSpace : Conditions 1 AddressSpace : Conditions 2 With a custom condition type should be possible to activate the EnabledState.EffectiveDisplayName optional property" time="0.0150" classname="should be possible to activate the EnabledState.EffectiveDisplayName optional property">
    </testcase>
    <testcase name="AddressSpace : Conditions 1 AddressSpace : Conditions 2 With a custom condition type should be possible to set the comment of a condition using the addComment method of the condition instance" time="0.0170" classname="should be possible to set the comment of a condition using the addComment method of the condition instance">
    </testcase>
    <testcase name="AddressSpace : Conditions 1 AddressSpace : Conditions 2 With a custom condition type should be possible to set the comment of a condition using the addComment method of the conditionType" time="0.0120" classname="should be possible to set the comment of a condition using the addComment method of the conditionType">
    </testcase>
    <testcase name="AddressSpace : Conditions 1 AddressSpace : Conditions 2 With a custom condition type should install the conditionSource in SourceNode and SourceName" time="0.0080" classname="should install the conditionSource in SourceNode and SourceName">
    </testcase>
    <testcase name="AddressSpace : Conditions 1 AddressSpace : Conditions 2 With a custom condition type initial value of lastSeverity should be zero" time="0.0090" classname="initial value of lastSeverity should be zero">
    </testcase>
    <testcase name="AddressSpace : Conditions 1 AddressSpace : Conditions 2 With a custom condition type setting severity should record lastSeverity" time="0.0080" classname="setting severity should record lastSeverity">
    </testcase>
    <testcase name="AddressSpace : Conditions 1 AddressSpace : Conditions 2 With a custom condition type should produce eventData " time="0.0130" classname="should produce eventData ">
    </testcase>
    <testcase name="AddressSpace : Conditions 1 AddressSpace : Conditions 2 With a custom condition type should raise a new condition " time="0.0120" classname="should raise a new condition ">
    </testcase>
  </testsuite>
  <testsuite name="Testing Branches " timestamp="2021-02-09T06:55:00" tests="2" file="C:\sterfive\NodeOPCUA\node-opcua\packages\node-opcua-address-space\test\alarms_and_conditions\test_alarms_and_conditions.ts" time="0.0020" failures="0">
    <testcase name="AddressSpace : Conditions 1 AddressSpace : Conditions 2 With a custom condition type Testing Branches  writing to a master branch (branch0) variable should affect the underlying variable" time="0.0010" classname="writing to a master branch (branch0) variable should affect the underlying variable">
    </testcase>
    <testcase name="AddressSpace : Conditions 1 AddressSpace : Conditions 2 With a custom condition type Testing Branches  writing to a new created branch variable should  NOT affect the underlying variable" time="0.0010" classname="writing to a new created branch variable should  NOT affect the underlying variable">
    </testcase>
  </testsuite>
  <testsuite name="Condition Branches" timestamp="2021-02-09T06:55:00" tests="1" file="C:\sterfive\NodeOPCUA\node-opcua\packages\node-opcua-address-space\test\alarms_and_conditions\test_alarms_and_conditions.ts" time="0.0110" failures="0">
    <testcase name="AddressSpace : Conditions 1 AddressSpace : Conditions 2 With a custom condition type Condition Branches should be possible to create several branches of a condition state" time="0.0110" classname="should be possible to create several branches of a condition state">
    </testcase>
  </testsuite>
  <testsuite name="Condition &amp; Subscriptions : ConditionRefresh" timestamp="2021-02-09T06:55:00" tests="1" file="C:\sterfive\NodeOPCUA\node-opcua\packages\node-opcua-address-space\test\alarms_and_conditions\test_alarms_and_conditions.ts" time="0.0330" failures="0">
    <testcase name="AddressSpace : Conditions 1 AddressSpace : Conditions 2 With a custom condition type Condition &amp; Subscriptions : ConditionRefresh should be possible to refresh a condition" time="0.0330" classname="should be possible to refresh a condition">
    </testcase>
  </testsuite>
  <testsuite name="AddressSpace : Acknowledgeable Conditions " timestamp="2021-02-09T06:55:00" tests="6" file="C:\sterfive\NodeOPCUA\node-opcua\packages\node-opcua-address-space\test\alarms_and_conditions\test_alarms_and_conditions.ts" time="0.0940" failures="0">
    <testcase name="AddressSpace : Conditions 1 AddressSpace : Acknowledgeable Conditions  should instantiate AcknowledgeableConditionType" time="0.0070" classname="should instantiate AcknowledgeableConditionType">
    </testcase>
    <testcase name="AddressSpace : Conditions 1 AddressSpace : Acknowledgeable Conditions  should instantiate AcknowledgeableConditionType (variation 2)" time="0.0140" classname="should instantiate AcknowledgeableConditionType (variation 2)">
    </testcase>
    <testcase name="AddressSpace : Conditions 1 AddressSpace : Acknowledgeable Conditions  should instantiate AcknowledgeableConditionType (variation 3)" time="0.0140" classname="should instantiate AcknowledgeableConditionType (variation 3)">
    </testcase>
    <testcase name="AddressSpace : Conditions 1 AddressSpace : Acknowledgeable Conditions  should instantiate AcknowledgeableConditionType with ConfirmedState" time="0.0140" classname="should instantiate AcknowledgeableConditionType with ConfirmedState">
    </testcase>
    <testcase name="AddressSpace : Conditions 1 AddressSpace : Acknowledgeable Conditions  should instantiate AlarmConditionType with ConfirmedState and ShelvedState" time="0.0360" classname="should instantiate AlarmConditionType with ConfirmedState and ShelvedState">
    </testcase>
    <testcase name="AddressSpace : Conditions 1 AddressSpace : Acknowledgeable Conditions  should instantiate AcknowledgeableConditionType **Without** ConfirmedState" time="0.0090" classname="should instantiate AcknowledgeableConditionType **Without** ConfirmedState">
    </testcase>
  </testsuite>
  <testsuite name="AlarmConditionType" timestamp="2021-02-09T06:55:00" tests="4" file="C:\sterfive\NodeOPCUA\node-opcua\packages\node-opcua-address-space\test\alarms_and_conditions\test_alarms_and_conditions.ts" time="0.0520" failures="0">
    <testcase name="AddressSpace : Conditions 1 AlarmConditionType should instantiate an AlarmConditionType" time="0.0090" classname="should instantiate an AlarmConditionType">
    </testcase>
    <testcase name="AddressSpace : Conditions 1 AlarmConditionType should instantiate AlarmConditionType (variation 2)" time="0.0120" classname="should instantiate AlarmConditionType (variation 2)">
    </testcase>
    <testcase name="AddressSpace : Conditions 1 AlarmConditionType should be possible to instantiate a Alarm with a inputNode as Null NodeId (ns=0;i=0)" time="0.0160" classname="should be possible to instantiate a Alarm with a inputNode as Null NodeId (ns=0;i=0)">
    </testcase>
    <testcase name="AddressSpace : Conditions 1 AlarmConditionType should be possible to instantiate a Alarm with &apos;maxTimeShelved&apos; " time="0.0150" classname="should be possible to instantiate a Alarm with &apos;maxTimeShelved&apos; ">
    </testcase>
  </testsuite>
  <testsuite name="should instantiate AlarmConditionType with ConfirmedState" timestamp="2021-02-09T06:55:01" tests="6" file="C:\sterfive\NodeOPCUA\node-opcua\packages\node-opcua-address-space\test\alarms_and_conditions\test_alarms_and_conditions.ts" time="1.5280" failures="0">
    <testcase name="AddressSpace : Conditions 1 AlarmConditionType should instantiate AlarmConditionType with ConfirmedState checking basic properties" time="0.0000" classname="checking basic properties">
    </testcase>
    <testcase name="AddressSpace : Conditions 1 AlarmConditionType should instantiate AlarmConditionType with ConfirmedState checking active state behavior" time="0.0010" classname="checking active state behavior">
    </testcase>
    <testcase name="AddressSpace : Conditions 1 AlarmConditionType should instantiate AlarmConditionType with ConfirmedState checking suppressed state behavior" time="0.0000" classname="checking suppressed state behavior">
    </testcase>
    <testcase name="AddressSpace : Conditions 1 AlarmConditionType should instantiate AlarmConditionType with ConfirmedState checking shelving state behavior" time="0.0040" classname="checking shelving state behavior">
    </testcase>
    <testcase name="AddressSpace : Conditions 1 AlarmConditionType should instantiate AlarmConditionType with ConfirmedState checking shelving state behavior with automatic unshelving" time="1.5180" classname="checking shelving state behavior with automatic unshelving">
    </testcase>
    <testcase name="AddressSpace : Conditions 1 AlarmConditionType should instantiate AlarmConditionType with ConfirmedState checking suppressedOrShelved behavior" time="0.0050" classname="checking suppressedOrShelved behavior">
    </testcase>
  </testsuite>
  <testsuite name="Testing alarm  ShelvingStateMachine methods" timestamp="2021-02-09T06:55:02" tests="9" file="C:\sterfive\NodeOPCUA\node-opcua\packages\node-opcua-address-space\test\alarms_and_conditions\test_alarms_and_conditions.ts" time="0.0210" failures="0">
    <testcase name="AddressSpace : Conditions 1 AlarmConditionType should instantiate AlarmConditionType with ConfirmedState Testing alarm  ShelvingStateMachine methods unshelving an already unshelved alarm should return BadConditionNotShelved" time="0.0010" classname="unshelving an already unshelved alarm should return BadConditionNotShelved">
    </testcase>
    <testcase name="AddressSpace : Conditions 1 AlarmConditionType should instantiate AlarmConditionType with ConfirmedState Testing alarm  ShelvingStateMachine methods unshelving an TimedShelved  alarm should succeed" time="0.0030" classname="unshelving an TimedShelved  alarm should succeed">
    </testcase>
    <testcase name="AddressSpace : Conditions 1 AlarmConditionType should instantiate AlarmConditionType with ConfirmedState Testing alarm  ShelvingStateMachine methods unshelving an OneShotShelved  alarm should succeed" time="0.0030" classname="unshelving an OneShotShelved  alarm should succeed">
    </testcase>
    <testcase name="AddressSpace : Conditions 1 AlarmConditionType should instantiate AlarmConditionType with ConfirmedState Testing alarm  ShelvingStateMachine methods timed-shelving an already timed-shelved alarm should return BadConditionAlreadyShelved" time="0.0040" classname="timed-shelving an already timed-shelved alarm should return BadConditionAlreadyShelved">
    </testcase>
    <testcase name="AddressSpace : Conditions 1 AlarmConditionType should instantiate AlarmConditionType with ConfirmedState Testing alarm  ShelvingStateMachine methods timed-shelving an already oneshot-shelved alarm should return BadConditionAlreadyShelved" time="0.0020" classname="timed-shelving an already oneshot-shelved alarm should return BadConditionAlreadyShelved">
    </testcase>
    <testcase name="AddressSpace : Conditions 1 AlarmConditionType should instantiate AlarmConditionType with ConfirmedState Testing alarm  ShelvingStateMachine methods timed-shelving an unshelved alarm should return Good when ShelvingTime is OK" time="0.0020" classname="timed-shelving an unshelved alarm should return Good when ShelvingTime is OK">
    </testcase>
    <testcase name="AddressSpace : Conditions 1 AlarmConditionType should instantiate AlarmConditionType with ConfirmedState Testing alarm  ShelvingStateMachine methods timed-shelving an unshelved alarm should return ShelvingTimeOutOfRange when ShelvingTime is out of range" time="0.0010" classname="timed-shelving an unshelved alarm should return ShelvingTimeOutOfRange when ShelvingTime is out of range">
    </testcase>
    <testcase name="AddressSpace : Conditions 1 AlarmConditionType should instantiate AlarmConditionType with ConfirmedState Testing alarm  ShelvingStateMachine methods one-shot-shelving an already one-shot-shelved alarm should return BadConditionAlreadyShelved" time="0.0030" classname="one-shot-shelving an already one-shot-shelved alarm should return BadConditionAlreadyShelved">
    </testcase>
    <testcase name="AddressSpace : Conditions 1 AlarmConditionType should instantiate AlarmConditionType with ConfirmedState Testing alarm  ShelvingStateMachine methods one-shot-shelving an unshelved alarm should return Good" time="0.0020" classname="one-shot-shelving an unshelved alarm should return Good">
    </testcase>
  </testsuite>
  <testsuite name="AlarmConditionType: Server maintains current state only" timestamp="2021-02-09T06:55:02" tests="1" file="C:\sterfive\NodeOPCUA\node-opcua\packages\node-opcua-address-space\test\alarms_and_conditions\test_alarms_and_conditions.ts" time="0.0530" failures="0">
    <testcase name="AddressSpace : Conditions 1 AlarmConditionType: Server maintains current state only should follow the example opcua 1.03 part 9 - annexe B  B.1.2 " time="0.0530" classname="should follow the example opcua 1.03 part 9 - annexe B  B.1.2 ">
    </testcase>
  </testsuite>
  <testsuite name="Limit Alarms " timestamp="2021-02-09T06:55:02" tests="6" file="C:\sterfive\NodeOPCUA\node-opcua\packages\node-opcua-address-space\test\alarms_and_conditions\test_alarms_and_conditions.ts" time="0.2830" failures="0">
    <testcase name="AddressSpace : Conditions 1 Limit Alarms  should instantiate a ExclusiveLimitAlarm" time="0.1060" classname="should instantiate a ExclusiveLimitAlarm">
    </testcase>
    <testcase name="AddressSpace : Conditions 1 Limit Alarms  should instantiate a NonExclusiveLimitAlarm" time="0.0740" classname="should instantiate a NonExclusiveLimitAlarm">
    </testcase>
    <testcase name="AddressSpace : Conditions 1 Limit Alarms  Alarm should not trigger event if state change but enableState is false" time="0.0450" classname="Alarm should not trigger event if state change but enableState is false">
    </testcase>
    <testcase name="AddressSpace : Conditions 1 Limit Alarms  should be possible to temporarily disable the alarm (this should trigger* an event with custom severity and retain flag) " time="0.0010" classname="should be possible to temporarily disable the alarm (this should trigger* an event with custom severity and retain flag) ">
    </testcase>
    <testcase name="AddressSpace : Conditions 1 Limit Alarms  should be possible to automatically trigger the new status event when limit values are updated" time="0.0210" classname="should be possible to automatically trigger the new status event when limit values are updated">
    </testcase>
    <testcase name="AddressSpace : Conditions 1 Limit Alarms  should not raise an event twice if the value changes without changing the state" time="0.0360" classname="should not raise an event twice if the value changes without changing the state">
    </testcase>
  </testsuite>
  <testsuite name="Testing alarms with enabledState false" timestamp="2021-02-09T06:55:02" tests="2" file="C:\sterfive\NodeOPCUA\node-opcua\packages\node-opcua-address-space\test\alarms_and_conditions\test_alarms_and_conditions.ts" time="0.0400" failures="0">
    <testcase name="AddressSpace : Conditions 1 Limit Alarms  Testing alarms with enabledState false should not raise alarm if the alarm is not enabled" time="0.0400" classname="should not raise alarm if the alarm is not enabled">
    </testcase>
    <testcase name="AddressSpace : Conditions 1 Limit Alarms  Testing alarms with enabledState false it should retain state and fire an event reflecting the actual state when alarms is set back to enabled=true" time="0.0000" classname="it should retain state and fire an event reflecting the actual state when alarms is set back to enabled=true">
    </testcase>
  </testsuite>
  <testsuite name="Deviation Alarms : ExclusiveDeviation Alarms " timestamp="2021-02-09T06:55:03" tests="0" file="C:\sterfive\NodeOPCUA\node-opcua\packages\node-opcua-address-space\test\alarms_and_conditions\test_alarms_and_conditions.ts" time="0.0000" failures="0">
  </testsuite>
  <testsuite name="ExclusiveDeviationAlarm" timestamp="2021-02-09T06:55:03" tests="3" file="C:\sterfive\NodeOPCUA\node-opcua\packages\node-opcua-address-space\test\alarms_and_conditions\test_alarms_and_conditions.ts" time="0.0660" failures="0">
    <testcase name="AddressSpace : Conditions 1 Deviation Alarms : ExclusiveDeviation Alarms  ExclusiveDeviationAlarm should provide correct properties" time="0.0050" classname="should provide correct properties">
    </testcase>
    <testcase name="AddressSpace : Conditions 1 Deviation Alarms : ExclusiveDeviation Alarms  ExclusiveDeviationAlarm ExclusiveDeviationAlarm - setpointNode Value is zero" time="0.0370" classname="ExclusiveDeviationAlarm - setpointNode Value is zero">
    </testcase>
    <testcase name="AddressSpace : Conditions 1 Deviation Alarms : ExclusiveDeviation Alarms  ExclusiveDeviationAlarm ExclusiveDeviationAlarm - setPointValue is not zero" time="0.0240" classname="ExclusiveDeviationAlarm - setPointValue is not zero">
    </testcase>
  </testsuite>
  <testsuite name="Deviation Alarms : Non ExclusiveDeviationAlarms" timestamp="2021-02-09T06:55:03" tests="0" file="C:\sterfive\NodeOPCUA\node-opcua\packages\node-opcua-address-space\test\alarms_and_conditions\test_alarms_and_conditions.ts" time="0.0000" failures="0">
  </testsuite>
  <testsuite name="NonExclusiveDeviationAlarm" timestamp="2021-02-09T06:55:03" tests="3" file="C:\sterfive\NodeOPCUA\node-opcua\packages\node-opcua-address-space\test\alarms_and_conditions\test_alarms_and_conditions.ts" time="0.0530" failures="0">
    <testcase name="AddressSpace : Conditions 1 Deviation Alarms : Non ExclusiveDeviationAlarms NonExclusiveDeviationAlarm should provide correct properties" time="0.0020" classname="should provide correct properties">
    </testcase>
    <testcase name="AddressSpace : Conditions 1 Deviation Alarms : Non ExclusiveDeviationAlarms NonExclusiveDeviationAlarm should provide correct properties when set value is changed and back to orignal value" time="0.0100" classname="should provide correct properties when set value is changed and back to orignal value">
    </testcase>
    <testcase name="AddressSpace : Conditions 1 Deviation Alarms : Non ExclusiveDeviationAlarms NonExclusiveDeviationAlarm NonExclusiveDeviationAlarm" time="0.0410" classname="NonExclusiveDeviationAlarm">
    </testcase>
  </testsuite>
  <testsuite name="Off Normal Alarms " timestamp="2021-02-09T06:55:03" tests="2" file="C:\sterfive\NodeOPCUA\node-opcua\packages\node-opcua-address-space\test\alarms_and_conditions\test_alarms_and_conditions.ts" time="0.0320" failures="0">
    <testcase name="AddressSpace : Conditions 1 Off Normal Alarms  should instantiate a off normal alarm of a 3 state variable" time="0.0090" classname="should instantiate a off normal alarm of a 3 state variable">
    </testcase>
    <testcase name="AddressSpace : Conditions 1 Off Normal Alarms  should automatically active the alarm when inputNode Value doesn&apos;t match normal state" time="0.0230" classname="should automatically active the alarm when inputNode Value doesn&apos;t match normal state">
    </testcase>
  </testsuite>
  <testsuite name="Alarm&amp;Condition ConditionClassName and ConditionName " timestamp="2021-02-09T06:55:03" tests="1" file="C:\sterfive\NodeOPCUA\node-opcua\packages\node-opcua-address-space\test\alarms_and_conditions\test_alarms_and_conditions.ts" time="0.0090" failures="0">
    <testcase name="AddressSpace : Conditions 1 Alarm&amp;Condition ConditionClassName and ConditionName  CC1 - should be possible to set the ConditionName and ConditionClassName of an alarm" time="0.0090" classname="CC1 - should be possible to set the ConditionName and ConditionClassName of an alarm">
    </testcase>
  </testsuite>
  <testsuite name="Testing extract EventField" timestamp="2021-02-09T06:55:03" tests="5" file="C:\sterfive\NodeOPCUA\node-opcua\packages\node-opcua-address-space\test\alarms_and_conditions\test_extract_event_fields.ts" time="0.0120" failures="0">
    <testcase name="Testing extract EventField EVF1- EventFilter" time="0.0050" classname="EVF1- EventFilter">
    </testcase>
    <testcase name="Testing extract EventField EVF1b " time="0.0010" classname="EVF1b ">
    </testcase>
    <testcase name="Testing extract EventField EVF2- check Where Clause OfType" time="0.0020" classname="EVF2- check Where Clause OfType">
    </testcase>
    <testcase name="Testing extract EventField EVF3- check Where Clause InList OfType" time="0.0030" classname="EVF3- check Where Clause InList OfType">
    </testcase>
    <testcase name="Testing extract EventField EVF4- check WhereClause with Not Operand #810" time="0.0010" classname="EVF4- check WhereClause with Not Operand #810">
    </testcase>
  </testsuite>
  <testsuite name="DataAccess" timestamp="2021-02-09T06:55:03" tests="14" file="C:\sterfive\NodeOPCUA\node-opcua\packages\node-opcua-address-space\test\alarms_and_conditions\test_alarms_and_conditions.ts" time="0.0020" failures="0">
    <testcase name="DataAccess should find a BaseDataVariableType in the addressSpace" time="0.0000" classname="should find a BaseDataVariableType in the addressSpace">
    </testcase>
    <testcase name="DataAccess should find a DataItemType in the addressSpace" time="0.0000" classname="should find a DataItemType in the addressSpace">
    </testcase>
    <testcase name="DataAccess should find a ArrayItemType in the addressSpace" time="0.0000" classname="should find a ArrayItemType in the addressSpace">
    </testcase>
    <testcase name="DataAccess should find a AnalogItemType in the addressSpace" time="0.0010" classname="should find a AnalogItemType in the addressSpace">
    </testcase>
    <testcase name="DataAccess should find a DiscreteItemType in the addressSpace" time="0.0000" classname="should find a DiscreteItemType in the addressSpace">
    </testcase>
    <testcase name="DataAccess should find a TwoStateDiscreteType in the addressSpace" time="0.0000" classname="should find a TwoStateDiscreteType in the addressSpace">
    </testcase>
    <testcase name="DataAccess should find a MultiStateDiscreteType in the addressSpace" time="0.0000" classname="should find a MultiStateDiscreteType in the addressSpace">
    </testcase>
    <testcase name="DataAccess should find a MultiStateValueDiscreteType in the addressSpace" time="0.0000" classname="should find a MultiStateValueDiscreteType in the addressSpace">
    </testcase>
    <testcase name="DataAccess should find a EUInformation in the addressSpace" time="0.0000" classname="should find a EUInformation in the addressSpace">
    </testcase>
    <testcase name="DataAccess should find a Range in the addressSpace" time="0.0000" classname="should find a Range in the addressSpace">
    </testcase>
    <testcase name="DataAccess should have a UAVariableType XYArrayItemType" time="0.0000" classname="should have a UAVariableType XYArrayItemType">
    </testcase>
    <testcase name="DataAccess should have a ImageItemType " time="0.0000" classname="should have a ImageItemType ">
    </testcase>
    <testcase name="DataAccess should have a CubeItemType " time="0.0000" classname="should have a CubeItemType ">
    </testcase>
    <testcase name="DataAccess should encode and decode a string containing fancy characters" time="0.0010" classname="should encode and decode a string containing fancy characters">
    </testcase>
  </testsuite>
  <testsuite name="AnalogDataItem" timestamp="2021-02-09T06:55:04" tests="3" file="C:\sterfive\NodeOPCUA\node-opcua\packages\node-opcua-address-space\test\data_access\test_data_item.ts" time="0.0120" failures="0">
    <testcase name="DataAccess AnalogDataItem should add an analog data item in the addresss_space" time="0.0060" classname="should add an analog data item in the addresss_space">
    </testcase>
    <testcase name="DataAccess AnalogDataItem Writing a value exceeding InstrumentRange shall return BadOutOfRange" time="0.0040" classname="Writing a value exceeding InstrumentRange shall return BadOutOfRange">
    </testcase>
    <testcase name="DataAccess AnalogDataItem Writing a value within InstrumentRange shall return Good" time="0.0020" classname="Writing a value within InstrumentRange shall return Good">
    </testcase>
  </testsuite>
  <testsuite name="PercentDeadband" timestamp="2021-02-09T06:55:04" tests="1" file="C:\sterfive\NodeOPCUA\node-opcua\packages\node-opcua-address-space\test\data_access\test_data_item.ts" time="0.0020" failures="0">
    <testcase name="DataAccess PercentDeadband should provide a mechanism to operate PercentDeadband " time="0.0020" classname="should provide a mechanism to operate PercentDeadband ">
    </testcase>
  </testsuite>
  <testsuite name="YArrayItemType" timestamp="2021-02-09T06:55:04" tests="3" file="C:\sterfive\NodeOPCUA\node-opcua\packages\node-opcua-address-space\test\data_access\test_data_item.ts" time="0.0070" failures="0">
    <testcase name="DataAccess YArrayItemType YArrayItemType should not be abstract" time="0.0000" classname="YArrayItemType should not be abstract">
    </testcase>
    <testcase name="DataAccess YArrayItemType should add a YArrayItem" time="0.0050" classname="should add a YArrayItem">
    </testcase>
    <testcase name="DataAccess YArrayItemType should add a YArrayItem with optional instrument range" time="0.0020" classname="should add a YArrayItem with optional instrument range">
    </testcase>
  </testsuite>
  <testsuite name="AnalogDataItem and semantic changes" timestamp="2021-02-09T06:55:04" tests="3" file="C:\sterfive\NodeOPCUA\node-opcua\packages\node-opcua-address-space\test\data_access\test_data_item.ts" time="0.0030" failures="0">
    <testcase name="DataAccess AnalogDataItem and semantic changes should increase semantic_version when EURange changes" time="0.0010" classname="should increase semantic_version when EURange changes">
    </testcase>
    <testcase name="DataAccess AnalogDataItem and semantic changes should increase &apos;semantic_&apos; event when EURange changes" time="0.0010" classname="should increase &apos;semantic_&apos; event when EURange changes">
    </testcase>
    <testcase name="DataAccess AnalogDataItem and semantic changes should not emit a &apos;semantic_changed&apos; event when value changes" time="0.0010" classname="should not emit a &apos;semantic_changed&apos; event when value changes">
    </testcase>
  </testsuite>
  <testsuite name="TwoStateDiscreteType" timestamp="2021-02-09T06:55:04" tests="6" file="C:\sterfive\NodeOPCUA\node-opcua\packages\node-opcua-address-space\test\data_access\test_data_item.ts" time="1.1170" failures="0">
    <testcase name="DataAccess TwoStateDiscreteType TwoStateDiscrete should not be abstract" time="0.0000" classname="TwoStateDiscrete should not be abstract">
    </testcase>
    <testcase name="DataAccess TwoStateDiscreteType should add a TwoStateDiscreteType variable" time="0.0020" classname="should add a TwoStateDiscreteType variable">
    </testcase>
    <testcase name="DataAccess TwoStateDiscreteType UATwoStateDiscrete#setValue" time="0.0020" classname="UATwoStateDiscrete#setValue">
    </testcase>
    <testcase name="DataAccess TwoStateDiscreteType ZZ2 should instantiate a DataType containing a TwoStateDiscreteType" time="0.0030" classname="ZZ2 should instantiate a DataType containing a TwoStateDiscreteType">
    </testcase>
    <testcase name="DataAccess TwoStateDiscreteType ZZ3 should create a TwoStateVariable with value getter/setter" time="0.0640" classname="ZZ3 should create a TwoStateVariable with value getter/setter">
    </testcase>
    <testcase name="DataAccess TwoStateDiscreteType ZZ4 should promote automatically TwoStateDiscrete Variable found while loading nodeset2.xml" time="1.0460" classname="ZZ4 should promote automatically TwoStateDiscrete Variable found while loading nodeset2.xml">
    </testcase>
  </testsuite>
  <testsuite name="MultiStateDiscreteType" timestamp="2021-02-09T06:55:05" tests="3" file="C:\sterfive\NodeOPCUA\node-opcua\packages\node-opcua-address-space\test\data_access\test_data_item.ts" time="0.0660" failures="0">
    <testcase name="DataAccess MultiStateDiscreteType MultiStateDiscreteType should not be abstract" time="0.0000" classname="MultiStateDiscreteType should not be abstract">
    </testcase>
    <testcase name="DataAccess MultiStateDiscreteType should add a MultiStateDiscreteType variable" time="0.0010" classname="should add a MultiStateDiscreteType variable">
    </testcase>
    <testcase name="DataAccess MultiStateDiscreteType ZZ3 should create a MultiStateDiscreteType with value getter/setter" time="0.0650" classname="ZZ3 should create a MultiStateDiscreteType with value getter/setter">
    </testcase>
  </testsuite>
  <testsuite name="edge case tests" timestamp="2021-02-09T06:55:05" tests="4" file="C:\sterfive\NodeOPCUA\node-opcua\packages\node-opcua-address-space\test\data_access\test_data_item.ts" time="0.0020" failures="0">
    <testcase name="DataAccess MultiStateDiscreteType edge case tests writing a value exceeding EnumString length shall return BadOutOfRange" time="0.0000" classname="writing a value exceeding EnumString length shall return BadOutOfRange">
    </testcase>
    <testcase name="DataAccess MultiStateDiscreteType edge case tests writing a value within EnumString length shall return Good" time="0.0010" classname="writing a value within EnumString length shall return Good">
    </testcase>
    <testcase name="DataAccess MultiStateDiscreteType edge case tests writing a value which has not the correct type shall return BadTypeMismatch" time="0.0000" classname="writing a value which has not the correct type shall return BadTypeMismatch">
    </testcase>
    <testcase name="DataAccess MultiStateDiscreteType edge case tests using setValue" time="0.0010" classname="using setValue">
    </testcase>
  </testsuite>
  <testsuite name="MultiStateValueDiscreteType" timestamp="2021-02-09T06:55:05" tests="5" file="C:\sterfive\NodeOPCUA\node-opcua\packages\node-opcua-address-space\test\data_access\test_data_item.ts" time="0.0820" failures="0">
    <testcase name="DataAccess MultiStateValueDiscreteType MultiStateValueDiscreteType should not be abstract" time="0.0000" classname="MultiStateValueDiscreteType should not be abstract">
    </testcase>
    <testcase name="DataAccess MultiStateValueDiscreteType should add a MultiStateValueDiscreteType variable - form 1" time="0.0020" classname="should add a MultiStateValueDiscreteType variable - form 1">
    </testcase>
    <testcase name="DataAccess MultiStateValueDiscreteType should add a MultiStateValueDiscreteType variable - form 2" time="0.0020" classname="should add a MultiStateValueDiscreteType variable - form 2">
    </testcase>
    <testcase name="DataAccess MultiStateValueDiscreteType ZZ3 should create a MultiStateValueDiscreteType with value getter/setter" time="0.0720" classname="ZZ3 should create a MultiStateValueDiscreteType with value getter/setter">
    </testcase>
    <testcase name="DataAccess MultiStateValueDiscreteType ZZ2 should instantiate a DataType containing a MultiStateValueDiscreteType" time="0.0060" classname="ZZ2 should instantiate a DataType containing a MultiStateValueDiscreteType">
    </testcase>
  </testsuite>
  <testsuite name="edge case tests" timestamp="2021-02-09T06:55:05" tests="5" file="C:\sterfive\NodeOPCUA\node-opcua\packages\node-opcua-address-space\test\data_access\test_data_item.ts" time="0.0030" failures="0">
    <testcase name="DataAccess MultiStateValueDiscreteType edge case tests writing a value not in the EnumValues map shall return BadOutOfRange" time="0.0010" classname="writing a value not in the EnumValues map shall return BadOutOfRange">
    </testcase>
    <testcase name="DataAccess MultiStateValueDiscreteType edge case tests writing a value within EnumValues shall return Good" time="0.0000" classname="writing a value within EnumValues shall return Good">
    </testcase>
    <testcase name="DataAccess MultiStateValueDiscreteType edge case tests changing MultiStateVariable value shall change valueAsText accordingly" time="0.0010" classname="changing MultiStateVariable value shall change valueAsText accordingly">
    </testcase>
    <testcase name="DataAccess MultiStateValueDiscreteType edge case tests UAMultiStateValueDiscreteVariable#setValue - 1" time="0.0000" classname="UAMultiStateValueDiscreteVariable#setValue - 1">
    </testcase>
    <testcase name="DataAccess MultiStateValueDiscreteType edge case tests UAMultiStateValueDiscreteVariable#setValue - 2" time="0.0010" classname="UAMultiStateValueDiscreteVariable#setValue - 2">
    </testcase>
  </testsuite>
  <testsuite name="MultiStateValueDiscreteType - 2" timestamp="2021-02-09T06:55:05" tests="2" file="C:\sterfive\NodeOPCUA\node-opcua\packages\node-opcua-address-space\test\alarms_and_conditions\test_alarms_and_conditions.ts" time="0.0040" failures="0">
    <testcase name="MultiStateValueDiscreteType - 2 ZYZ-1 it should promoteToMultiStateValueDiscrete from an existing nodeset" time="0.0020" classname="ZYZ-1 it should promoteToMultiStateValueDiscrete from an existing nodeset">
    </testcase>
    <testcase name="MultiStateValueDiscreteType - 2 ZYZ-2 it should promoteToMultiStateDiscrete from an existing nodeset" time="0.0020" classname="ZYZ-2 it should promoteToMultiStateDiscrete from an existing nodeset">
    </testcase>
  </testsuite>
  <testsuite name="Testing Finite State Machine" timestamp="2021-02-09T06:55:06" tests="7" file="C:\sterfive\NodeOPCUA\node-opcua\packages\node-opcua-address-space\test\alarms_and_conditions\test_alarms_and_conditions.ts" time="0.0130" failures="0">
    <testcase name="Testing Finite State Machine finite state machine should have expected mandatory and optional fields" time="0.0010" classname="finite state machine should have expected mandatory and optional fields">
    </testcase>
    <testcase name="Testing Finite State Machine should instantiate a finite state machine" time="0.0010" classname="should instantiate a finite state machine">
    </testcase>
    <testcase name="Testing Finite State Machine should instantiate a finite state machine with lastTransition" time="0.0010" classname="should instantiate a finite state machine with lastTransition">
    </testcase>
    <testcase name="Testing Finite State Machine should bind a finite state machine state variable" time="0.0010" classname="should bind a finite state machine state variable">
    </testcase>
    <testcase name="Testing Finite State Machine should explore FiniteStateMachineType" time="0.0010" classname="should explore FiniteStateMachineType">
    </testcase>
    <testcase name="Testing Finite State Machine should handle a FiniteStateMachine Type defined in a nodeset.xml file" time="0.0020" classname="should handle a FiniteStateMachine Type defined in a nodeset.xml file">
    </testcase>
    <testcase name="Testing Finite State Machine should define a new FiniteMachineStateType" time="0.0060" classname="should define a new FiniteMachineStateType">
    </testcase>
  </testsuite>
  <testsuite name="FiniteStateMachine with Multiple transition from one state to an other" timestamp="2021-02-09T06:55:06" tests="2" file="C:\sterfive\NodeOPCUA\node-opcua\packages\node-opcua-address-space\test\alarms_and_conditions\test_alarms_and_conditions.ts" time="0.0030" failures="0">
    <testcase name="FiniteStateMachine with Multiple transition from one state to an other MachineState#setState: should display a warning if multiple transition exists and no predicate is provided" time="0.0020" classname="MachineState#setState: should display a warning if multiple transition exists and no predicate is provided">
    </testcase>
    <testcase name="FiniteStateMachine with Multiple transition from one state to an other MachineState#setState: should properly use the predicate to select which transition to use for the TransitionEventType Event" time="0.0010" classname="MachineState#setState: should properly use the predicate to select which transition to use for the TransitionEventType Event">
    </testcase>
  </testsuite>
  <testsuite name="Testing Historical Data Node" timestamp="2021-02-09T06:55:07" tests="4" file="C:\sterfive\NodeOPCUA\node-opcua\packages\node-opcua-address-space\test\alarms_and_conditions\test_alarms_and_conditions.ts" time="0.0310" failures="0">
    <testcase name="Testing Historical Data Node HHH1- should create a &apos;HA Configuration&apos; node" time="0.0050" classname="HHH1- should create a &apos;HA Configuration&apos; node">
    </testcase>
    <testcase name="Testing Historical Data Node HHH2- should keep values in memory to provide historical reads" time="0.0060" classname="HHH2- should keep values in memory to provide historical reads">
    </testcase>
    <testcase name="Testing Historical Data Node HHH4- should store initial dataValue when historical stuff is set" time="0.0170" classname="HHH4- should store initial dataValue when historical stuff is set">
    </testcase>
    <testcase name="Testing Historical Data Node HHH5- #420 should be possible to set/unset historizing attribute " time="0.0030" classname="HHH5- #420 should be possible to set/unset historizing attribute ">
    </testcase>
  </testsuite>
  <testsuite name="HRRM HistoryReadRawModified" timestamp="2021-02-09T06:55:07" tests="11" file="C:\sterfive\NodeOPCUA\node-opcua\packages\node-opcua-address-space\test\alarms_and_conditions\test_alarms_and_conditions.ts" time="0.0040" failures="0">
    <testcase name="Testing Historical Data Node HRRM HistoryReadRawModified HRRM-1 should be possible to retrieve the start date of a time series" time="0.0000" classname="HRRM-1 should be possible to retrieve the start date of a time series">
    </testcase>
    <testcase name="Testing Historical Data Node HRRM HistoryReadRawModified HRRM-2 should be possible to retrieve the end date of a time series" time="0.0000" classname="HRRM-2 should be possible to retrieve the end date of a time series">
    </testcase>
    <testcase name="Testing Historical Data Node HRRM HistoryReadRawModified HRRM-3 should be possible to retrieve a limited number of value between a start date  and a end date of a time series" time="0.0010" classname="HRRM-3 should be possible to retrieve a limited number of value between a start date  and a end date of a time series">
    </testcase>
    <testcase name="Testing Historical Data Node HRRM HistoryReadRawModified HRRM-4 should be possible to retrieve values in reverse order (no continuation point)" time="0.0010" classname="HRRM-4 should be possible to retrieve values in reverse order (no continuation point)">
    </testcase>
    <testcase name="Testing Historical Data Node HRRM HistoryReadRawModified HRRM-5 should be possible to retrieve values in reverse order (and continuation points)" time="0.0010" classname="HRRM-5 should be possible to retrieve values in reverse order (and continuation points)">
    </testcase>
    <testcase name="Testing Historical Data Node HRRM HistoryReadRawModified HRRM-6 should return some data if endTime &amp; numValuesPerNode, are specified (no startTime)" time="0.0000" classname="HRRM-6 should return some data if endTime &amp; numValuesPerNode, are specified (no startTime)">
    </testcase>
    <testcase name="Testing Historical Data Node HRRM HistoryReadRawModified HRRM-7 should return an error if less than two constraints are specified (no endTime, no startTime)" time="0.0010" classname="HRRM-7 should return an error if less than two constraints are specified (no endTime, no startTime)">
    </testcase>
    <testcase name="Testing Historical Data Node HRRM HistoryReadRawModified HRRM-8 should return an error if less than two constraints are specified (endTime, no numValuesPerNode, no startTime)" time="0.0000" classname="HRRM-8 should return an error if less than two constraints are specified (endTime, no numValuesPerNode, no startTime)">
    </testcase>
    <testcase name="Testing Historical Data Node HRRM HistoryReadRawModified HRED-1 [TODO] implement ReadEventDetails" time="0.0000" classname="HRED-1 [TODO] implement ReadEventDetails">
    </testcase>
    <testcase name="Testing Historical Data Node HRRM HistoryReadRawModified HRPD-1 [TODO] implement ReadProcessedDetails" time="0.0000" classname="HRPD-1 [TODO] implement ReadProcessedDetails">
    </testcase>
    <testcase name="Testing Historical Data Node HRRM HistoryReadRawModified HRPD-1 [TODO] implement ReadAtTimeDetails" time="0.0000" classname="HRPD-1 [TODO] implement ReadAtTimeDetails">
    </testcase>
  </testsuite>
  <testsuite name="Testing Historical Data Node Enumeration" timestamp="2021-02-09T06:55:07" tests="1" file="C:\sterfive\NodeOPCUA\node-opcua\packages\node-opcua-address-space\test\alarms_and_conditions\test_alarms_and_conditions.ts" time="0.0000" failures="0">
    <testcase name="Testing Historical Data Node Enumeration should be easy to enumerate  UAVariable with History from a addressSpace" time="0.0000" classname="should be easy to enumerate  UAVariable with History from a addressSpace">
    </testcase>
  </testsuite>
  <testsuite name="Testing Historical Data Node" timestamp="2021-02-09T06:55:08" tests="1" file="C:\sterfive\NodeOPCUA\node-opcua\packages\node-opcua-address-space\test\alarms_and_conditions\test_alarms_and_conditions.ts" time="0.0060" failures="0">
    <testcase name="Testing Historical Data Node HHH3- should keep values up to options.maxOnlineValues to provide historical reads" time="0.0060" classname="HHH3- should keep values up to options.maxOnlineValues to provide historical reads">
    </testcase>
  </testsuite>
  <testsuite name="testing Variables " timestamp="2021-02-09T06:55:08" tests="16" file="C:\sterfive\NodeOPCUA\node-opcua\packages\node-opcua-address-space\test\alarms_and_conditions\test_alarms_and_conditions.ts" time="0.0060" failures="0">
    <testcase name="testing Variables  accessLevel: CurrentRead | CurrentWrite	userAccessLevel: CurrentRead | CurrentWrite" time="0.0010" classname="accessLevel: CurrentRead | CurrentWrite	userAccessLevel: CurrentRead | CurrentWrite">
    </testcase>
    <testcase name="testing Variables  accessLevel: CurrentRead | CurrentWrite	userAccessLevel: CurrentRead" time="0.0000" classname="accessLevel: CurrentRead | CurrentWrite	userAccessLevel: CurrentRead">
    </testcase>
    <testcase name="testing Variables  accessLevel: CurrentRead | CurrentWrite	userAccessLevel: CurrentWrite" time="0.0000" classname="accessLevel: CurrentRead | CurrentWrite	userAccessLevel: CurrentWrite">
    </testcase>
    <testcase name="testing Variables  accessLevel: CurrentRead | CurrentWrite	userAccessLevel: undefined" time="0.0010" classname="accessLevel: CurrentRead | CurrentWrite	userAccessLevel: undefined">
    </testcase>
    <testcase name="testing Variables  accessLevel: CurrentRead 	userAccessLevel: CurrentRead | CurrentWrite" time="0.0000" classname="accessLevel: CurrentRead 	userAccessLevel: CurrentRead | CurrentWrite">
    </testcase>
    <testcase name="testing Variables  accessLevel: CurrentRead 	userAccessLevel: CurrentRead" time="0.0000" classname="accessLevel: CurrentRead 	userAccessLevel: CurrentRead">
    </testcase>
    <testcase name="testing Variables  accessLevel: CurrentRead 	userAccessLevel: CurrentWrite" time="0.0000" classname="accessLevel: CurrentRead 	userAccessLevel: CurrentWrite">
    </testcase>
    <testcase name="testing Variables  accessLevel: CurrentRead 	userAccessLevel: undefined" time="0.0000" classname="accessLevel: CurrentRead 	userAccessLevel: undefined">
    </testcase>
    <testcase name="testing Variables  accessLevel: CurrentWrite 	userAccessLevel: CurrentRead | CurrentWrite" time="0.0010" classname="accessLevel: CurrentWrite 	userAccessLevel: CurrentRead | CurrentWrite">
    </testcase>
    <testcase name="testing Variables  accessLevel: CurrentWrite 	userAccessLevel: CurrentRead" time="0.0010" classname="accessLevel: CurrentWrite 	userAccessLevel: CurrentRead">
    </testcase>
    <testcase name="testing Variables  accessLevel: CurrentWrite 	userAccessLevel: CurrentWrite" time="0.0000" classname="accessLevel: CurrentWrite 	userAccessLevel: CurrentWrite">
    </testcase>
    <testcase name="testing Variables  accessLevel: CurrentWrite 	userAccessLevel: undefined" time="0.0010" classname="accessLevel: CurrentWrite 	userAccessLevel: undefined">
    </testcase>
    <testcase name="testing Variables  accessLevel: undefined 	userAccessLevel: CurrentRead | CurrentWrite" time="0.0000" classname="accessLevel: undefined 	userAccessLevel: CurrentRead | CurrentWrite">
    </testcase>
    <testcase name="testing Variables  accessLevel: undefined 	userAccessLevel: CurrentRead" time="0.0000" classname="accessLevel: undefined 	userAccessLevel: CurrentRead">
    </testcase>
    <testcase name="testing Variables  accessLevel: undefined 	userAccessLevel: CurrentWrite" time="0.0000" classname="accessLevel: undefined 	userAccessLevel: CurrentWrite">
    </testcase>
    <testcase name="testing Variables  accessLevel: undefined 	userAccessLevel: undefined" time="0.0010" classname="accessLevel: undefined 	userAccessLevel: undefined">
    </testcase>
  </testsuite>
  <testsuite name="testing address space" timestamp="2021-02-09T06:55:09" tests="17" file="C:\sterfive\NodeOPCUA\node-opcua\packages\node-opcua-address-space\test\alarms_and_conditions\test_alarms_and_conditions.ts" time="0.0150" failures="0">
    <testcase name="testing address space BaseNode#findReferencesEx - should find HierarchicalReferences" time="0.0010" classname="BaseNode#findReferencesEx - should find HierarchicalReferences">
    </testcase>
    <testcase name="testing address space AddressSpace#deleteNode - should remove an object from the address space" time="0.0010" classname="AddressSpace#deleteNode - should remove an object from the address space">
    </testcase>
    <testcase name="testing address space AddressSpace#deleteNode - should remove an object and its children from the address space" time="0.0020" classname="AddressSpace#deleteNode - should remove an object and its children from the address space">
    </testcase>
    <testcase name="testing address space AddressSpace#deleteNode - should remove a component of a existing object" time="0.0030" classname="AddressSpace#deleteNode - should remove a component of a existing object">
    </testcase>
    <testcase name="testing address space AddressSpace#findCorrespondingBasicDataType i=13 =&gt; DataType.String" time="0.0000" classname="AddressSpace#findCorrespondingBasicDataType i=13 =&gt; DataType.String">
    </testcase>
    <testcase name="testing address space AddressSpace#findCorrespondingBasicDataType i=338 =&gt; BuildInfo =&gt; DataType.ExtensionObject" time="0.0000" classname="AddressSpace#findCorrespondingBasicDataType i=338 =&gt; BuildInfo =&gt; DataType.ExtensionObject">
    </testcase>
    <testcase name="testing address space AddressSpace#findCorrespondingBasicDataType variation 1 - Alias" time="0.0000" classname="AddressSpace#findCorrespondingBasicDataType variation 1 - Alias">
    </testcase>
    <testcase name="testing address space AddressSpace#findCorrespondingBasicDataType variation 2 - nodeId as String" time="0.0010" classname="AddressSpace#findCorrespondingBasicDataType variation 2 - nodeId as String">
    </testcase>
    <testcase name="testing address space AddressSpace#findCorrespondingBasicDataType variation 3 - nodeId as NodeId" time="0.0000" classname="AddressSpace#findCorrespondingBasicDataType variation 3 - nodeId as NodeId">
    </testcase>
    <testcase name="testing address space AddressSpace#findCorrespondingBasicDataType i=852 (Enumeration ServerState) =&gt; UInt32" time="0.0000" classname="AddressSpace#findCorrespondingBasicDataType i=852 (Enumeration ServerState) =&gt; UInt32">
    </testcase>
    <testcase name="testing address space  AddressSpace#findCorrespondingBasicDataType  i=13 =&gt; DataType.String" time="0.0010" classname=" AddressSpace#findCorrespondingBasicDataType  i=13 =&gt; DataType.String">
    </testcase>
    <testcase name="testing address space AddressSpace#findCorrespondingBasicDataType i=338 =&gt; BuildInfo =&gt; DataType.ExtensionObject" time="0.0000" classname="AddressSpace#findCorrespondingBasicDataType i=338 =&gt; BuildInfo =&gt; DataType.ExtensionObject">
    </testcase>
    <testcase name="testing address space AddressSpace#findCorrespondingBasicDataType variation 1 - Alias" time="0.0000" classname="AddressSpace#findCorrespondingBasicDataType variation 1 - Alias">
    </testcase>
    <testcase name="testing address space AddressSpace#findCorrespondingBasicDataType variation 2 - nodeId as String" time="0.0010" classname="AddressSpace#findCorrespondingBasicDataType variation 2 - nodeId as String">
    </testcase>
    <testcase name="testing address space AddressSpace#findCorrespondingBasicDataType variation 3 - nodeId as NodeId" time="0.0000" classname="AddressSpace#findCorrespondingBasicDataType variation 3 - nodeId as NodeId">
    </testcase>
    <testcase name="testing address space AddressSpace#addObject : should verify that Only Organizes References are used to relate Objects to the &apos;Objects&apos; standard Object." time="0.0010" classname="AddressSpace#addObject : should verify that Only Organizes References are used to relate Objects to the &apos;Objects&apos; standard Object.">
    </testcase>
    <testcase name="testing address space AddressSpace#extractRootViews : it should provide a mean to extract the list of views to which the object is visible" time="0.0040" classname="AddressSpace#extractRootViews : it should provide a mean to extract the list of views to which the object is visible">
    </testcase>
  </testsuite>
  <testsuite name="AddressSpace : testing add enumeration type" timestamp="2021-02-09T06:55:09" tests="3" file="C:\sterfive\NodeOPCUA\node-opcua\packages\node-opcua-address-space\test\alarms_and_conditions\test_alarms_and_conditions.ts" time="0.0070" failures="0">
    <testcase name="AddressSpace : testing add enumeration type should add a new Enumeration type into an address space - Form 1" time="0.0040" classname="should add a new Enumeration type into an address space - Form 1">
    </testcase>
    <testcase name="AddressSpace : testing add enumeration type should add a new Enumeration type into an address space - Form 2" time="0.0030" classname="should add a new Enumeration type into an address space - Form 2">
    </testcase>
    <testcase name="AddressSpace : testing add enumeration type should add a writable new Enumeration type into an address space  #552 " time="0.0000" classname="should add a writable new Enumeration type into an address space  #552 ">
    </testcase>
  </testsuite>
  <testsuite name="AddressSpace : add event type " timestamp="2021-02-09T06:55:09" tests="13" file="C:\sterfive\NodeOPCUA\node-opcua\packages\node-opcua-address-space\test\alarms_and_conditions\test_alarms_and_conditions.ts" time="0.1090" failures="0">
    <testcase name="AddressSpace : add event type  #generateEventId should generate event id sequentially" time="0.0010" classname="#generateEventId should generate event id sequentially">
    </testcase>
    <testcase name="AddressSpace : add event type  should find BaseEventType" time="0.0000" classname="should find BaseEventType">
    </testcase>
    <testcase name="AddressSpace : add event type  BaseEventType should be abstract " time="0.0000" classname="BaseEventType should be abstract ">
    </testcase>
    <testcase name="AddressSpace : add event type  should find AuditEventType" time="0.0000" classname="should find AuditEventType">
    </testcase>
    <testcase name="AddressSpace : add event type  should verify that AuditEventType is a superType of BaseEventType" time="0.0000" classname="should verify that AuditEventType is a superType of BaseEventType">
    </testcase>
    <testcase name="AddressSpace : add event type  should find a newly added EventType" time="0.0000" classname="should find a newly added EventType">
    </testcase>
    <testcase name="AddressSpace : add event type  should retrieve EventType in several ways" time="0.0000" classname="should retrieve EventType in several ways">
    </testcase>
    <testcase name="AddressSpace : add event type  added EventType should be abstract by default" time="0.0010" classname="added EventType should be abstract by default">
    </testcase>
    <testcase name="AddressSpace : add event type  should be possible to add a non-abstract event type" time="0.0000" classname="should be possible to add a non-abstract event type">
    </testcase>
    <testcase name="AddressSpace : add event type  should select node in a EventType using a SelectClause on BaseEventType" time="0.0010" classname="should select node in a EventType using a SelectClause on BaseEventType">
    </testcase>
    <testcase name="AddressSpace : add event type  should select node in a EventType using a SelectClause  n AuditEventType" time="0.0010" classname="should select node in a EventType using a SelectClause  n AuditEventType">
    </testcase>
    <testcase name="AddressSpace : add event type  should instantiate a condition efficiently ( more than 1000 per second on a decent computer)" time="0.1040" classname="should instantiate a condition efficiently ( more than 1000 per second on a decent computer)">
    </testcase>
    <testcase name="AddressSpace : add event type  #constructEventData " time="0.0010" classname="#constructEventData ">
    </testcase>
  </testsuite>
  <testsuite name="test AddressSpace#generateEventId" timestamp="2021-02-09T06:55:09" tests="1" file="C:\sterfive\NodeOPCUA\node-opcua\packages\node-opcua-address-space\test\alarms_and_conditions\test_alarms_and_conditions.ts" time="0.0000" failures="0">
    <testcase name="AddressSpace : add event type  test AddressSpace#generateEventId it should generate different eventId each time" time="0.0000" classname="it should generate different eventId each time">
    </testcase>
  </testsuite>
  <testsuite name="testing add new ObjectType " timestamp="2021-02-09T06:55:09" tests="2" file="C:\sterfive\NodeOPCUA\node-opcua\packages\node-opcua-address-space\test\alarms_and_conditions\test_alarms_and_conditions.ts" time="0.0090" failures="0">
    <testcase name="testing add new ObjectType  should create a new TemperatureSensorType" time="0.0060" classname="should create a new TemperatureSensorType">
    </testcase>
    <testcase name="testing add new ObjectType  should create a new CameraType with Method" time="0.0030" classname="should create a new CameraType with Method">
    </testcase>
  </testsuite>
  <testsuite name="testing add TwoStateVariable " timestamp="2021-02-09T06:55:09" tests="7" file="C:\sterfive\NodeOPCUA\node-opcua\packages\node-opcua-address-space\test\alarms_and_conditions\test_alarms_and_conditions.ts" time="0.0180" failures="0">
    <testcase name="testing add TwoStateVariable  should add a TwoStateVariableType" time="0.0020" classname="should add a TwoStateVariableType">
    </testcase>
    <testcase name="testing add TwoStateVariable  TwoStateVariableType should add an uncertain value after creation" time="0.0010" classname="TwoStateVariableType should add an uncertain value after creation">
    </testcase>
    <testcase name="testing add TwoStateVariable  should add a TwoStateVariableType with trueState and falseState as String" time="0.0010" classname="should add a TwoStateVariableType with trueState and falseState as String">
    </testcase>
    <testcase name="testing add TwoStateVariable  should add a TwoStateVariableType with transitionTime" time="0.0020" classname="should add a TwoStateVariableType with transitionTime">
    </testcase>
    <testcase name="testing add TwoStateVariable  SubState =&gt; IsFalseSubStateOf" time="0.0030" classname="SubState =&gt; IsFalseSubStateOf">
    </testcase>
    <testcase name="testing add TwoStateVariable  SubState =&gt; IsTrueSubStateOf" time="0.0060" classname="SubState =&gt; IsTrueSubStateOf">
    </testcase>
    <testcase name="testing add TwoStateVariable  should add a TwoStateVariableType with effectiveTransitionTime" time="0.0030" classname="should add a TwoStateVariableType with effectiveTransitionTime">
    </testcase>
  </testsuite>
  <testsuite name="testing add new ObjectType " timestamp="2021-02-09T06:55:10" tests="3" file="C:\sterfive\NodeOPCUA\node-opcua\packages\node-opcua-address-space\test\alarms_and_conditions\test_alarms_and_conditions.ts" time="0.0010" failures="0">
    <testcase name="testing add new ObjectType  should add a new ObjectType (=&gt; BaseObjectType)" time="0.0010" classname="should add a new ObjectType (=&gt; BaseObjectType)">
    </testcase>
    <testcase name="testing add new ObjectType  should add a new VariableType (=&gt; BaseVariableType)" time="0.0000" classname="should add a new VariableType (=&gt; BaseVariableType)">
    </testcase>
    <testcase name="testing add new ObjectType  should add a new VariableType (=&gt; BaseDataVariableType)" time="0.0000" classname="should add a new VariableType (=&gt; BaseDataVariableType)">
    </testcase>
  </testsuite>
  <testsuite name="AddressSpace#browsePath" timestamp="2021-02-09T06:55:10" tests="7" file="C:\sterfive\NodeOPCUA\node-opcua\packages\node-opcua-address-space\test\test_address_space_browse_path.ts" time="0.0070" failures="0">
    <testcase name="AddressSpace#browsePath should browse Server" time="0.0010" classname="should browse Server">
    </testcase>
    <testcase name="AddressSpace#browsePath should browse Status" time="0.0010" classname="should browse Status">
    </testcase>
    <testcase name="AddressSpace#browsePath #QQ browsing a path when a null target name is not in the last element shall return an error " time="0.0010" classname="#QQ browsing a path when a null target name is not in the last element shall return an error ">
    </testcase>
    <testcase name="AddressSpace#browsePath should browse EventGeneratorObject" time="0.0010" classname="should browse EventGeneratorObject">
    </testcase>
    <testcase name="AddressSpace#browsePath should browse MyEventType" time="0.0020" classname="should browse MyEventType">
    </testcase>
    <testcase name="AddressSpace#browsePath should browse an empty path" time="0.0000" classname="should browse an empty path">
    </testcase>
    <testcase name="AddressSpace#browsePath should return one target" time="0.0010" classname="should return one target">
    </testcase>
  </testsuite>
  <testsuite name="AddressSpace#browsePath 2/2" timestamp="2021-02-09T06:55:10" tests="1" file="C:\sterfive\NodeOPCUA\node-opcua\packages\node-opcua-address-space\test\test_address_space_browse_path.ts" time="0.0010" failures="0">
    <testcase name="AddressSpace#browsePath 2/2 XSXS should explore browse path and only return one target" time="0.0010" classname="XSXS should explore browse path and only return one target">
    </testcase>
  </testsuite>
  <testsuite name="AddressSpace#browsePath 2/2" timestamp="2021-02-09T06:55:11" tests="1" file="C:\sterfive\NodeOPCUA\node-opcua\packages\node-opcua-address-space\test\test_address_space_browse_path.ts" time="0.0010" failures="0">
    <testcase name="AddressSpace#browsePath 2/2 AddressSpace#deleteNode =&gt; delete OOO" time="0.0010" classname="AddressSpace#deleteNode =&gt; delete OOO">
    </testcase>
  </testsuite>
  <testsuite name="testing address space namespace loading" timestamp="2021-02-09T06:55:11" tests="7" file="C:\sterfive\NodeOPCUA\node-opcua\packages\node-opcua-address-space\test\alarms_and_conditions\test_alarms_and_conditions.ts" time="2.2590" failures="0">
    <testcase name="testing address space namespace loading should be possible to create a ServerStatus ExtensionObject" time="0.0010" classname="should be possible to create a ServerStatus ExtensionObject">
    </testcase>
    <testcase name="testing address space namespace loading should be possible to create an AttributeOperand ExtensionObject" time="0.0000" classname="should be possible to create an AttributeOperand ExtensionObject">
    </testcase>
    <testcase name="testing address space namespace loading should create a arbitrary structure from a second name space" time="0.0060" classname="should create a arbitrary structure from a second name space">
    </testcase>
    <testcase name="testing address space namespace loading should explore the DataType through OPCUA" time="0.0010" classname="should explore the DataType through OPCUA">
    </testcase>
    <testcase name="testing address space namespace loading AC explore the DataType through OPCUA" time="0.0000" classname="AC explore the DataType through OPCUA">
    </testcase>
    <testcase name="testing address space namespace loading should bind an xml-preloaded Extension Object Variable : ServerStatus " time="0.0030" classname="should bind an xml-preloaded Extension Object Variable : ServerStatus ">
    </testcase>
    <testcase name="testing address space namespace loading should instantiate SessionDiagnostics in a linear time" time="2.2480" classname="should instantiate SessionDiagnostics in a linear time">
    </testcase>
  </testsuite>
  <testsuite name="AddressSpace#delete" timestamp="2021-02-09T06:55:14" tests="2" file="C:\sterfive\NodeOPCUA\node-opcua\packages\node-opcua-address-space\test\test_address_space_delete_node.ts" time="0.0020" failures="0">
    <testcase name="AddressSpace#delete DX1 sshould delete node " time="0.0010" classname="DX1 sshould delete node ">
    </testcase>
    <testcase name="AddressSpace#delete DX2 should delete node " time="0.0010" classname="DX2 should delete node ">
    </testcase>
  </testsuite>
  <testsuite name="AddressSpace#deleteNode-b" timestamp="2021-02-09T06:55:14" tests="1" file="C:\sterfive\NodeOPCUA\node-opcua\packages\node-opcua-address-space\test\test_address_space_delete_node.ts" time="0.0260" failures="0">
    <testcase name="AddressSpace#deleteNode-b YUYU should create an alarm and delete it" time="0.0260" classname="YUYU should create an alarm and delete it">
    </testcase>
  </testsuite>
  <testsuite name="Testing AddressSpace memory Leaks" timestamp="2021-02-09T06:55:14" tests="2" file="C:\sterfive\NodeOPCUA\node-opcua\packages\node-opcua-address-space\test\test_address_space_dispose.ts" time="0.7940" failures="0">
    <testcase name="Testing AddressSpace memory Leaks It should dispose an address_space" time="0.0380" classname="It should dispose an address_space">
    </testcase>
    <testcase name="Testing AddressSpace memory Leaks It should repeatedly load an address_space =&gt; no Leak" time="0.7560" classname="It should repeatedly load an address_space =&gt; no Leak">
    </testcase>
  </testsuite>
  <testsuite name="testing AddressSpace#findReferenceType and findReferenceTypeFromInverseName" timestamp="2021-02-09T06:55:15" tests="3" file="C:\sterfive\NodeOPCUA\node-opcua\packages\node-opcua-address-space\test\test_address_space_find_reference.ts" time="0.0010" failures="0">
    <testcase name="testing AddressSpace#findReferenceType and findReferenceTypeFromInverseName findReferenceType findReferenceTypeFromInverseName - should provide a way to access a referenceType from its inverse name" time="0.0010" classname="findReferenceType findReferenceTypeFromInverseName - should provide a way to access a referenceType from its inverse name">
    </testcase>
    <testcase name="testing AddressSpace#findReferenceType and findReferenceTypeFromInverseName should normalize a {referenceType/isForward} combination" time="0.0000" classname="should normalize a {referenceType/isForward} combination">
    </testcase>
    <testcase name="testing AddressSpace#findReferenceType and findReferenceTypeFromInverseName inverseReferenceType - should provide a easy way to get the inverse name of a Reference Type" time="0.0000" classname="inverseReferenceType - should provide a easy way to get the inverse name of a Reference Type">
    </testcase>
  </testsuite>
  <testsuite name="address_space ModelChangeEvent" timestamp="2021-02-09T06:55:15" tests="4" file="C:\sterfive\NodeOPCUA\node-opcua\packages\node-opcua-address-space\test\test_address_space_model_change_event.ts" time="0.0080" failures="0">
    <testcase name="address_space ModelChangeEvent a node with a NodeVersion property shall trigger a ModelChangeEvent and update its NodeVersion when a object is added as one of its component" time="0.0040" classname="a node with a NodeVersion property shall trigger a ModelChangeEvent and update its NodeVersion when a object is added as one of its component">
    </testcase>
    <testcase name="address_space ModelChangeEvent a node with a NodeVersion property shall trigger a ModelChangeEvent and update its NodeVersion when one of its child object is deleted" time="0.0020" classname="a node with a NodeVersion property shall trigger a ModelChangeEvent and update its NodeVersion when one of its child object is deleted">
    </testcase>
    <testcase name="address_space ModelChangeEvent a node with a NodeVersion property shall trigger a ModelChangeEvent and update its NodeVersion when a reference is added" time="0.0010" classname="a node with a NodeVersion property shall trigger a ModelChangeEvent and update its NodeVersion when a reference is added">
    </testcase>
    <testcase name="address_space ModelChangeEvent addressSpace#modelChangeTransactions should compress model change events " time="0.0010" classname="addressSpace#modelChangeTransactions should compress model change events ">
    </testcase>
  </testsuite>
  <testsuite name="testing address space namespace" timestamp="2021-02-09T06:55:16" tests="2" file="C:\sterfive\NodeOPCUA\node-opcua\packages\node-opcua-address-space\test\alarms_and_conditions\test_alarms_and_conditions.ts" time="0.0010" failures="0">
    <testcase name="testing address space namespace #getNamespaceUri : should have namespace 0" time="0.0000" classname="#getNamespaceUri : should have namespace 0">
    </testcase>
    <testcase name="testing address space namespace #registerNamespace should register new namespace" time="0.0010" classname="#registerNamespace should register new namespace">
    </testcase>
  </testsuite>
  <testsuite name="testing  address space namespace loading" timestamp="2021-02-09T06:55:16" tests="3" file="C:\sterfive\NodeOPCUA\node-opcua\packages\node-opcua-address-space\test\alarms_and_conditions\test_alarms_and_conditions.ts" time="0.5100" failures="0">
    <testcase name="testing  address space namespace loading should process namespaces and translate namespace index when loading node set xml files" time="0.0500" classname="should process namespaces and translate namespace index when loading node set xml files">
    </testcase>
    <testcase name="testing  address space namespace loading should process multiple xml files that reference each other" time="0.0450" classname="should process multiple xml files that reference each other">
    </testcase>
    <testcase name="testing  address space namespace loading should process namespaces with DI" time="0.4150" classname="should process namespaces with DI">
    </testcase>
  </testsuite>
  <testsuite name="testing add new ObjectType " timestamp="2021-02-09T06:55:16" tests="2" file="C:\sterfive\NodeOPCUA\node-opcua\packages\node-opcua-address-space\test\alarms_and_conditions\test_alarms_and_conditions.ts" time="0.0070" failures="0">
    <testcase name="testing add new ObjectType  should instantiate a objectType that uses custom HasChild Property" time="0.0030" classname="should instantiate a objectType that uses custom HasChild Property">
    </testcase>
    <testcase name="testing add new ObjectType  should be possible to choose which optional item to instantiate in sub objects" time="0.0040" classname="should be possible to choose which optional item to instantiate in sub objects">
    </testcase>
  </testsuite>
  <testsuite name="testing ArgumentList special encode/decode process" timestamp="2021-02-09T06:55:16" tests="3" file="C:\sterfive\NodeOPCUA\node-opcua\packages\node-opcua-address-space\test\test_argument_list.ts" time="0.0010" failures="0">
    <testcase name="testing ArgumentList special encode/decode process should encode/decode an ArgumentList (scalar)" time="0.0000" classname="should encode/decode an ArgumentList (scalar)">
    </testcase>
    <testcase name="testing ArgumentList special encode/decode process should encode/decode an ArgumentList (array)" time="0.0010" classname="should encode/decode an ArgumentList (array)">
    </testcase>
    <testcase name="testing ArgumentList special encode/decode process should encode/decode an ArgumentList with a complex definition" time="0.0000" classname="should encode/decode an ArgumentList with a complex definition">
    </testcase>
  </testsuite>
  <testsuite name="verifyArguments_ArgumentList" timestamp="2021-02-09T06:55:16" tests="8" file="C:\sterfive\NodeOPCUA\node-opcua\packages\node-opcua-address-space\test\test_argument_list.ts" time="0.0030" failures="0">
    <testcase name="verifyArguments_ArgumentList verifyArguments_ArgumentList - One UInt32 - Good" time="0.0010" classname="verifyArguments_ArgumentList - One UInt32 - Good">
    </testcase>
    <testcase name="verifyArguments_ArgumentList verifyArguments_ArgumentList - One UInt32 - TypeMismatch" time="0.0000" classname="verifyArguments_ArgumentList - One UInt32 - TypeMismatch">
    </testcase>
    <testcase name="verifyArguments_ArgumentList verifyArguments_ArgumentList - One UInt32 - BadArgumentsMissing" time="0.0000" classname="verifyArguments_ArgumentList - One UInt32 - BadArgumentsMissing">
    </testcase>
    <testcase name="verifyArguments_ArgumentList verifyArguments_ArgumentList - One UInt32 - BadTooManyArguments" time="0.0000" classname="verifyArguments_ArgumentList - One UInt32 - BadTooManyArguments">
    </testcase>
    <testcase name="verifyArguments_ArgumentList verifyArguments_ArgumentList - One UInt32 - BadTooManyArguments &amp; BadTypeMismatch" time="0.0000" classname="verifyArguments_ArgumentList - One UInt32 - BadTooManyArguments &amp; BadTypeMismatch">
    </testcase>
    <testcase name="verifyArguments_ArgumentList methodInputArgumentsOneArrayOfAny - Good" time="0.0010" classname="methodInputArgumentsOneArrayOfAny - Good">
    </testcase>
    <testcase name="verifyArguments_ArgumentList methodInputArgumentsOneArrayOfAny - TypeMismatch" time="0.0000" classname="methodInputArgumentsOneArrayOfAny - TypeMismatch">
    </testcase>
    <testcase name="verifyArguments_ArgumentList methodInputArgumentsOneArrayOfAny - SpecialCase" time="0.0010" classname="methodInputArgumentsOneArrayOfAny - SpecialCase">
    </testcase>
  </testsuite>
  <testsuite name="Automatic Generation of  string nodeId" timestamp="2021-02-09T06:55:17" tests="3" file="C:\sterfive\NodeOPCUA\node-opcua\packages\node-opcua-address-space\test\test_automatic_generation_of_string_node_ids.ts" time="0.0090" failures="0">
    <testcase name="Automatic Generation of  string nodeId testing default string node creation (NodeOPCUA specified)

      Given a Node with a String Node ( for instance : ns=1;s=abcdef )  
      When  I add a component or a property to this node, without specifying a nodeId
      Then  NodeOPCUA should assign a string nodeId to the child node made from
            the nodeId of the parent node and the browse name of the child.
" time="0.0020" classname="testing default string node creation (NodeOPCUA specified)

      Given a Node with a String Node ( for instance : ns=1;s=abcdef )  
      When  I add a component or a property to this node, without specifying a nodeId
      Then  NodeOPCUA should assign a string nodeId to the child node made from
            the nodeId of the parent node and the browse name of the child.
">
    </testcase>
    <testcase name="Automatic Generation of  string nodeId should generate string NodeIds on components and properties when instantiating an object type that have a string nodeId (node-opcua specific)" time="0.0030" classname="should generate string NodeIds on components and properties when instantiating an object type that have a string nodeId (node-opcua specific)">
    </testcase>
    <testcase name="Automatic Generation of  string nodeId should generate string NodeIds on components and properties when instantiating an VariableType that have a string nodeId (node-opcua specific)" time="0.0040" classname="should generate string NodeIds on components and properties when instantiating an VariableType that have a string nodeId (node-opcua specific)">
    </testcase>
  </testsuite>
  <testsuite name="Given a derived ObjectType " timestamp="2021-02-09T06:55:17" tests="2" file="C:\sterfive\NodeOPCUA\node-opcua\packages\node-opcua-address-space\test\test_automatic_generation_of_string_node_ids.ts" time="0.0030" failures="0">
    <testcase name="Automatic Generation of  string nodeId Given a derived ObjectType  When instantiating a derived ObjectType, unwanted optional components should not be instantiated" time="0.0010" classname="When instantiating a derived ObjectType, unwanted optional components should not be instantiated">
    </testcase>
    <testcase name="Automatic Generation of  string nodeId Given a derived ObjectType  When instantiating a derived ObjectType, wanted optional components should be instantiated" time="0.0020" classname="When instantiating a derived ObjectType, wanted optional components should be instantiated">
    </testcase>
  </testsuite>
  <testsuite name="Testing UAObject" timestamp="2021-02-09T06:55:17" tests="17" file="C:\sterfive\NodeOPCUA\node-opcua\packages\node-opcua-address-space\test\alarms_and_conditions\test_alarms_and_conditions.ts" time="0.0130" failures="0">
    <testcase name="Testing UAObject AddressSpace#addObject should create a &apos;hasTypeDefinition&apos; reference on node" time="0.0010" classname="AddressSpace#addObject should create a &apos;hasTypeDefinition&apos; reference on node">
    </testcase>
    <testcase name="Testing UAObject BaseNode#addReference - referenceType as ReferenceType BrowseName" time="0.0010" classname="BaseNode#addReference - referenceType as ReferenceType BrowseName">
    </testcase>
    <testcase name="Testing UAObject BaseNode#addReference - referenceType as nodeId String" time="0.0000" classname="BaseNode#addReference - referenceType as nodeId String">
    </testcase>
    <testcase name="Testing UAObject BaseNode#addReference - referenceType as NodeId" time="0.0000" classname="BaseNode#addReference - referenceType as NodeId">
    </testcase>
    <testcase name="Testing UAObject BaseNode#addReference - nodeId as NodeId" time="0.0010" classname="BaseNode#addReference - nodeId as NodeId">
    </testcase>
    <testcase name="Testing UAObject BaseNode#addReference - nodeId as Node" time="0.0010" classname="BaseNode#addReference - nodeId as Node">
    </testcase>
    <testcase name="Testing UAObject BaseNode#addReference - nodeId as String" time="0.0010" classname="BaseNode#addReference - nodeId as String">
    </testcase>
    <testcase name="Testing UAObject BaseNode#addReference with invalid referenceType should raise an exception" time="0.0010" classname="BaseNode#addReference with invalid referenceType should raise an exception">
    </testcase>
    <testcase name="Testing UAObject BaseNode#addReference - four equivalent cases" time="0.0010" classname="BaseNode#addReference - four equivalent cases">
    </testcase>
    <testcase name="Testing UAObject BaseNode#addReference - 2 nodes - should properly update backward references on referenced nodes" time="0.0010" classname="BaseNode#addReference - 2 nodes - should properly update backward references on referenced nodes">
    </testcase>
    <testcase name="Testing UAObject BaseNode#addReference - 3 nodes - should properly update backward references on referenced nodes" time="0.0010" classname="BaseNode#addReference - 3 nodes - should properly update backward references on referenced nodes">
    </testcase>
    <testcase name="Testing UAObject BaseNode#addReference should throw if the same reference is added twice" time="0.0010" classname="BaseNode#addReference should throw if the same reference is added twice">
    </testcase>
    <testcase name="Testing UAObject BaseNode#addReference internal cache must be invalidated" time="0.0010" classname="BaseNode#addReference internal cache must be invalidated">
    </testcase>
    <testcase name="Testing UAObject BaseNode#addReference (Inverse) internal cache must be invalidated" time="0.0000" classname="BaseNode#addReference (Inverse) internal cache must be invalidated">
    </testcase>
    <testcase name="Testing UAObject BaseNode#namespaceIndex" time="0.0000" classname="BaseNode#namespaceIndex">
    </testcase>
    <testcase name="Testing UAObject BaseNode#namespaceUri" time="0.0010" classname="BaseNode#namespaceUri">
[...]
    </testcase>
    <testcase name="testing return sameVariant for pull request testing same variants of type SByte array" time="0.0000" classname="testing same variants of type SByte array">
    </testcase>
    <testcase name="testing return sameVariant for pull request testing different variants of type SByte array" time="0.0000" classname="testing different variants of type SByte array">
    </testcase>
    <testcase name="testing return sameVariant for pull request testing same variants of type SByte matrix" time="0.0000" classname="testing same variants of type SByte matrix">
    </testcase>
    <testcase name="testing return sameVariant for pull request testing different variants of type SByte matrix" time="0.0000" classname="testing different variants of type SByte matrix">
    </testcase>
    <testcase name="testing return sameVariant for pull request testing same variants of type Int16" time="0.0000" classname="testing same variants of type Int16">
    </testcase>
    <testcase name="testing return sameVariant for pull request testing different variants of type Int16" time="0.0000" classname="testing different variants of type Int16">
    </testcase>
    <testcase name="testing return sameVariant for pull request testing same variants of type Int16 array" time="0.0000" classname="testing same variants of type Int16 array">
    </testcase>
    <testcase name="testing return sameVariant for pull request testing different variants of type Int16 array" time="0.0000" classname="testing different variants of type Int16 array">
    </testcase>
    <testcase name="testing return sameVariant for pull request testing same variants of type Int16 matrix" time="0.0010" classname="testing same variants of type Int16 matrix">
    </testcase>
    <testcase name="testing return sameVariant for pull request testing different variants of type Int16 matrix" time="0.0000" classname="testing different variants of type Int16 matrix">
    </testcase>
    <testcase name="testing return sameVariant for pull request testing same variants of type Int32" time="0.0000" classname="testing same variants of type Int32">
    </testcase>
    <testcase name="testing return sameVariant for pull request testing different variants of type Int32" time="0.0000" classname="testing different variants of type Int32">
    </testcase>
    <testcase name="testing return sameVariant for pull request testing same variants of type Int32 array" time="0.0000" classname="testing same variants of type Int32 array">
    </testcase>
    <testcase name="testing return sameVariant for pull request testing different variants of type Int32 array" time="0.0000" classname="testing different variants of type Int32 array">
    </testcase>
    <testcase name="testing return sameVariant for pull request testing same variants of type Int32 matrix" time="0.0000" classname="testing same variants of type Int32 matrix">
    </testcase>
    <testcase name="testing return sameVariant for pull request testing different variants of type Int32 matrix" time="0.0000" classname="testing different variants of type Int32 matrix">
    </testcase>
    <testcase name="testing return sameVariant for pull request testing same variants of type Int64" time="0.0000" classname="testing same variants of type Int64">
    </testcase>
    <testcase name="testing return sameVariant for pull request testing different variants of type Int64" time="0.0010" classname="testing different variants of type Int64">
    </testcase>
    <testcase name="testing return sameVariant for pull request testing same variants of type Int64 array" time="0.0000" classname="testing same variants of type Int64 array">
    </testcase>
    <testcase name="testing return sameVariant for pull request testing different variants of type Int64 array" time="0.0000" classname="testing different variants of type Int64 array">
    </testcase>
    <testcase name="testing return sameVariant for pull request testing same variants of type Int64 matrix" time="0.0000" classname="testing same variants of type Int64 matrix">
    </testcase>
    <testcase name="testing return sameVariant for pull request testing different variants of type Int64 matrix" time="0.0000" classname="testing different variants of type Int64 matrix">
    </testcase>
    <testcase name="testing return sameVariant for pull request testing same variants of type UInt16" time="0.0000" classname="testing same variants of type UInt16">
    </testcase>
    <testcase name="testing return sameVariant for pull request testing different variants of type UInt16" time="0.0000" classname="testing different variants of type UInt16">
    </testcase>
    <testcase name="testing return sameVariant for pull request testing same variants of type UInt16 array" time="0.0000" classname="testing same variants of type UInt16 array">
    </testcase>
    <testcase name="testing return sameVariant for pull request testing different variants of type UInt16 array" time="0.0000" classname="testing different variants of type UInt16 array">
    </testcase>
    <testcase name="testing return sameVariant for pull request testing same variants of type UInt16 matrix" time="0.0010" classname="testing same variants of type UInt16 matrix">
    </testcase>
    <testcase name="testing return sameVariant for pull request testing different variants of type UInt16 matrix" time="0.0000" classname="testing different variants of type UInt16 matrix">
    </testcase>
    <testcase name="testing return sameVariant for pull request testing same variants of type UInt32" time="0.0000" classname="testing same variants of type UInt32">
    </testcase>
    <testcase name="testing return sameVariant for pull request testing different variants of type UInt32" time="0.0000" classname="testing different variants of type UInt32">
    </testcase>
    <testcase name="testing return sameVariant for pull request testing same variants of type UInt32 array" time="0.0000" classname="testing same variants of type UInt32 array">
    </testcase>
    <testcase name="testing return sameVariant for pull request testing different variants of type UInt32 array" time="0.0000" classname="testing different variants of type UInt32 array">
    </testcase>
    <testcase name="testing return sameVariant for pull request testing same variants of type UInt32 matrix" time="0.0000" classname="testing same variants of type UInt32 matrix">
    </testcase>
    <testcase name="testing return sameVariant for pull request testing different variants of type UInt32 matrix" time="0.0000" classname="testing different variants of type UInt32 matrix">
    </testcase>
    <testcase name="testing return sameVariant for pull request testing same variants of type UInt64" time="0.0000" classname="testing same variants of type UInt64">
    </testcase>
    <testcase name="testing return sameVariant for pull request testing different variants of type UInt64" time="0.0010" classname="testing different variants of type UInt64">
    </testcase>
    <testcase name="testing return sameVariant for pull request testing same variants of type UInt64 array" time="0.0000" classname="testing same variants of type UInt64 array">
    </testcase>
    <testcase name="testing return sameVariant for pull request testing different variants of type UInt64 array" time="0.0000" classname="testing different variants of type UInt64 array">
    </testcase>
    <testcase name="testing return sameVariant for pull request testing same variants of type UInt64 matrix" time="0.0000" classname="testing same variants of type UInt64 matrix">
    </testcase>
    <testcase name="testing return sameVariant for pull request testing different variants of type UInt64 matrix" time="0.0000" classname="testing different variants of type UInt64 matrix">
    </testcase>
    <testcase name="testing return sameVariant for pull request testing same variants of type Float" time="0.0000" classname="testing same variants of type Float">
    </testcase>
    <testcase name="testing return sameVariant for pull request testing different variants of type Float" time="0.0000" classname="testing different variants of type Float">
    </testcase>
    <testcase name="testing return sameVariant for pull request testing same variants of type Float array" time="0.0000" classname="testing same variants of type Float array">
    </testcase>
    <testcase name="testing return sameVariant for pull request testing different variants of type Float array" time="0.0000" classname="testing different variants of type Float array">
    </testcase>
    <testcase name="testing return sameVariant for pull request testing same variants of type Float matrix" time="0.0010" classname="testing same variants of type Float matrix">
    </testcase>
    <testcase name="testing return sameVariant for pull request testing different variants of type Float matrix" time="0.0000" classname="testing different variants of type Float matrix">
    </testcase>
    <testcase name="testing return sameVariant for pull request testing same variants of type Double" time="0.0000" classname="testing same variants of type Double">
    </testcase>
    <testcase name="testing return sameVariant for pull request testing different variants of type Double" time="0.0000" classname="testing different variants of type Double">
    </testcase>
    <testcase name="testing return sameVariant for pull request testing same variants of type Double array" time="0.0000" classname="testing same variants of type Double array">
    </testcase>
    <testcase name="testing return sameVariant for pull request testing different variants of type Double array" time="0.0010" classname="testing different variants of type Double array">
    </testcase>
    <testcase name="testing return sameVariant for pull request testing same variants of type Double matrix" time="0.0000" classname="testing same variants of type Double matrix">
    </testcase>
    <testcase name="testing return sameVariant for pull request testing different variants of type Double matrix" time="0.0010" classname="testing different variants of type Double matrix">
    </testcase>
    <testcase name="testing return sameVariant for pull request testing same variants of type String" time="0.0000" classname="testing same variants of type String">
    </testcase>
    <testcase name="testing return sameVariant for pull request testing different variants of type String" time="0.0000" classname="testing different variants of type String">
    </testcase>
    <testcase name="testing return sameVariant for pull request testing same variants of type String array" time="0.0000" classname="testing same variants of type String array">
    </testcase>
    <testcase name="testing return sameVariant for pull request testing different variants of type String array" time="0.0000" classname="testing different variants of type String array">
    </testcase>
    <testcase name="testing return sameVariant for pull request testing same variants of type String matrix" time="0.0000" classname="testing same variants of type String matrix">
    </testcase>
    <testcase name="testing return sameVariant for pull request testing different variants of type String matrix" time="0.0010" classname="testing different variants of type String matrix">
    </testcase>
    <testcase name="testing return sameVariant for pull request testing same variants of type ByteString" time="0.0000" classname="testing same variants of type ByteString">
    </testcase>
    <testcase name="testing return sameVariant for pull request testing different variants of type ByteString" time="0.0000" classname="testing different variants of type ByteString">
    </testcase>
    <testcase name="testing return sameVariant for pull request testing same variants of type ByteString array" time="0.0010" classname="testing same variants of type ByteString array">
    </testcase>
    <testcase name="testing return sameVariant for pull request testing different variants of type ByteString array" time="0.0000" classname="testing different variants of type ByteString array">
    </testcase>
    <testcase name="testing return sameVariant for pull request testing same variants of type ByteString matrix" time="0.0000" classname="testing same variants of type ByteString matrix">
    </testcase>
    <testcase name="testing return sameVariant for pull request testing different variants of type ByteString matrix" time="0.0000" classname="testing different variants of type ByteString matrix">
    </testcase>
    <testcase name="testing return sameVariant for pull request testing difference variant matrix with different dimension" time="0.0000" classname="testing difference variant matrix with different dimension">
    </testcase>
    <testcase name="testing return sameVariant for pull request testing  variants with empty array" time="0.0000" classname="testing  variants with empty array">
    </testcase>
    <testcase name="testing return sameVariant for pull request testing  variants with string array" time="0.0000" classname="testing  variants with string array">
    </testcase>
    <testcase name="testing return sameVariant for pull request testing  variants with SByte array" time="0.0000" classname="testing  variants with SByte array">
    </testcase>
    <testcase name="testing return sameVariant for pull request testing  variants with Byte array" time="0.0000" classname="testing  variants with Byte array">
    </testcase>
    <testcase name="testing return sameVariant for pull request testing  variants with UInt16 array" time="0.0000" classname="testing  variants with UInt16 array">
    </testcase>
    <testcase name="testing return sameVariant for pull request testing  variants with Int16 array" time="0.0000" classname="testing  variants with Int16 array">
    </testcase>
    <testcase name="testing return sameVariant for pull request testing  variants with UInt32 array" time="0.0010" classname="testing  variants with UInt32 array">
    </testcase>
    <testcase name="testing return sameVariant for pull request testing  variants with Int32 array" time="0.0000" classname="testing  variants with Int32 array">
    </testcase>
    <testcase name="testing return sameVariant for pull request testing  variants with Float array" time="0.0000" classname="testing  variants with Float array">
    </testcase>
    <testcase name="testing return sameVariant for pull request testing  variants with Double array" time="0.0000" classname="testing  variants with Double array">
    </testcase>
    <testcase name="testing return sameVariant for pull request sameVariant with extension objects - 1" time="0.0000" classname="sameVariant with extension objects - 1">
    </testcase>
    <testcase name="testing return sameVariant for pull request sameVariant with extension objects - 2" time="0.0000" classname="sameVariant with extension objects - 2">
    </testcase>
    <testcase name="testing return sameVariant for pull request sameVariant with extension objects - 3" time="0.0000" classname="sameVariant with extension objects - 3">
    </testcase>
    <testcase name="testing return sameVariant for pull request sameVariant with array of Extension objects - 4" time="0.0000" classname="sameVariant with array of Extension objects - 4">
    </testcase>
    <testcase name="testing return sameVariant for pull request sameVariant with array of Extension objects - 5" time="0.0000" classname="sameVariant with array of Extension objects - 5">
    </testcase>
    <testcase name="testing return sameVariant for pull request sameVariant with array of Extension objects - 6" time="0.0010" classname="sameVariant with array of Extension objects - 6">
    </testcase>
    <testcase name="testing return sameVariant for pull request sameVariant with array of Extension objects - 7" time="0.0000" classname="sameVariant with array of Extension objects - 7">
    </testcase>
    <testcase name="testing return sameVariant for pull request sameVariant with array of Extension objects - 8" time="0.0000" classname="sameVariant with array of Extension objects - 8">
    </testcase>
  </testsuite>
  <testsuite name="Cloning XML Fragment" timestamp="2021-02-09T07:13:35" tests="1" file="C:\sterfive\NodeOPCUA\node-opcua\packages\node-opcua-xml2json\test\test_clone_fragment.ts" time="0.0020" failures="0">
    <testcase name="Cloning XML Fragment should clone a fragment" time="0.0020" classname="should clone a fragment">
    </testcase>
  </testsuite>
  <testsuite name="Definition Parser" timestamp="2021-02-09T07:13:35" tests="3" file="C:\sterfive\NodeOPCUA\node-opcua\packages\node-opcua-xml2json\test\test_definition_parser.ts" time="0.0050" failures="0">
    <testcase name="Definition Parser should parse a definition bloc" time="0.0030" classname="should parse a definition bloc">
    </testcase>
    <testcase name="Definition Parser should parse a definition bloc 2" time="0.0010" classname="should parse a definition bloc 2">
    </testcase>
    <testcase name="Definition Parser should parse a definition bloc 2" time="0.0010" classname="should parse a definition bloc 2">
    </testcase>
  </testsuite>
  <testsuite name="Test ExtensionObject parsing (with definition)" timestamp="2021-02-09T07:13:35" tests="1" file="C:\sterfive\NodeOPCUA\node-opcua\packages\node-opcua-xml2json\test\test_extension_object_parser.ts" time="0.0040" failures="0">
    <testcase name="Test ExtensionObject parsing (with definition) should parse a definition node and convert it to a parser" time="0.0040" classname="should parse a definition node and convert it to a parser">
    </testcase>
  </testsuite>
  <testsuite name="XMLToJSON" timestamp="2021-02-09T07:13:35" tests="5" file="C:\sterfive\NodeOPCUA\node-opcua\packages\node-opcua-xml2json\test\test_xml2json.ts" time="0.1270" failures="0">
    <testcase name="XMLToJSON should parse a simple xml data string" time="0.0020" classname="should parse a simple xml data string">
    </testcase>
    <testcase name="XMLToJSON should parse a UTF8 encoded xml file with a BOM" time="0.1080" classname="should parse a UTF8 encoded xml file with a BOM">
    </testcase>
    <testcase name="XMLToJSON should parse a escaped string" time="0.0170" classname="should parse a escaped string">
    </testcase>
    <testcase name="XMLToJSON should parse a array" time="0.0000" classname="should parse a array">
    </testcase>
    <testcase name="XMLToJSON should parse a array 2" time="0.0000" classname="should parse a array 2">
    </testcase>
  </testsuite>
  <testsuite name="It should parse XML doc into json (deprecated)" timestamp="2021-02-09T07:13:35" tests="4" file="C:\sterfive\NodeOPCUA\node-opcua\packages\node-opcua-xml2json\test\test_xml2json_pojo_parser.ts" time="0.0050" failures="0">
    <testcase name="It should parse XML doc into json (deprecated) should parse a simple xml file to json" time="0.0010" classname="should parse a simple xml file to json">
    </testcase>
    <testcase name="It should parse XML doc into json (deprecated) should parse a xml file containing an array to json" time="0.0010" classname="should parse a xml file containing an array to json">
    </testcase>
    <testcase name="It should parse XML doc into json (deprecated) should mix both type of parser" time="0.0010" classname="should mix both type of parser">
    </testcase>
    <testcase name="It should parse XML doc into json (deprecated) loading more complex xml data" time="0.0020" classname="loading more complex xml data">
    </testcase>
  </testsuite>
  <testsuite name="OPCUA" timestamp="2021-02-09T07:13:35" tests="1" file="C:\sterfive\NodeOPCUA\node-opcua\packages\node-opcua\test\test_node-opcua.js" time="0.0040" failures="0">
    <testcase name="OPCUA should not export null properties" time="0.0040" classname="should not export null properties">
    </testcase>
  </testsuite>
</testsuites>